{"/home/ubuntu/workspace/BaseballSim/Controller/PlayersController.js":{"path":"/home/ubuntu/workspace/BaseballSim/Controller/PlayersController.js","s":{"1":1,"2":1,"3":1,"4":1,"5":0,"6":1,"7":0,"8":0,"9":0,"10":0,"11":0,"12":0,"13":0,"14":0,"15":0,"16":0,"17":0,"18":0,"19":0,"20":1,"21":0,"22":0,"23":0,"24":1,"25":0,"26":0,"27":0,"28":0,"29":0,"30":1,"31":0,"32":0,"33":0,"34":0,"35":0,"36":0,"37":0,"38":0,"39":0,"40":0,"41":0,"42":0,"43":0,"44":0,"45":0,"46":0,"47":0,"48":0,"49":0,"50":0,"51":0,"52":0,"53":0,"54":1,"55":0,"56":0,"57":0,"58":0,"59":1,"60":0,"61":0,"62":0,"63":0,"64":1,"65":0,"66":0,"67":0,"68":1,"69":0,"70":0,"71":0,"72":0,"73":0,"74":1,"75":0,"76":0,"77":0,"78":0,"79":1,"80":0,"81":0,"82":0,"83":0,"84":0,"85":0,"86":1,"87":0,"88":0,"89":0,"90":0,"91":0,"92":1,"93":0,"94":0,"95":0,"96":0,"97":0,"98":0,"99":0,"100":0,"101":0,"102":0,"103":0,"104":0,"105":0,"106":0,"107":0,"108":0,"109":0,"110":0,"111":0,"112":0,"113":0,"114":0,"115":0,"116":0,"117":0,"118":0,"119":0,"120":0,"121":0,"122":0,"123":0,"124":0,"125":0,"126":0,"127":0,"128":0,"129":0,"130":0,"131":0,"132":0,"133":0,"134":0,"135":0,"136":0},"b":{"1":[0,0],"2":[0,0],"3":[0,0],"4":[0,0],"5":[0,0],"6":[0,0],"7":[0,0],"8":[0,0],"9":[0,0],"10":[0,0],"11":[0,0],"12":[0,0],"13":[0,0],"14":[0,0],"15":[0,0],"16":[0,0],"17":[0,0],"18":[0,0],"19":[0,0]},"f":{"1":0,"2":0,"3":0,"4":0,"5":0,"6":0,"7":0,"8":0,"9":0,"10":0,"11":0,"12":0,"13":0,"14":0,"15":0,"16":0,"17":0,"18":0,"19":0,"20":0,"21":0,"22":0,"23":0,"24":0,"25":0,"26":0,"27":0,"28":0,"29":0,"30":0,"31":0,"32":0,"33":0,"34":0,"35":0,"36":0,"37":0,"38":0,"39":0,"40":0,"41":0,"42":0,"43":0,"44":0,"45":0,"46":0,"47":0},"fnMap":{"1":{"name":"(anonymous_1)","line":13,"loc":{"start":{"line":13,"column":23},"end":{"line":13,"column":71}}},"2":{"name":"(anonymous_2)","line":22,"loc":{"start":{"line":22,"column":29},"end":{"line":22,"column":46}}},"3":{"name":"(anonymous_3)","line":24,"loc":{"start":{"line":24,"column":23},"end":{"line":24,"column":48}}},"4":{"name":"(anonymous_4)","line":25,"loc":{"start":{"line":25,"column":179},"end":{"line":25,"column":203}}},"5":{"name":"(anonymous_5)","line":27,"loc":{"start":{"line":27,"column":183},"end":{"line":27,"column":206}}},"6":{"name":"(anonymous_6)","line":29,"loc":{"start":{"line":29,"column":198},"end":{"line":29,"column":214}}},"7":{"name":"(anonymous_7)","line":31,"loc":{"start":{"line":31,"column":70},"end":{"line":31,"column":84}}},"8":{"name":"(anonymous_8)","line":32,"loc":{"start":{"line":32,"column":58},"end":{"line":32,"column":74}}},"9":{"name":"(anonymous_9)","line":34,"loc":{"start":{"line":34,"column":33},"end":{"line":34,"column":46}}},"10":{"name":"(anonymous_10)","line":40,"loc":{"start":{"line":40,"column":17},"end":{"line":40,"column":30}}},"11":{"name":"assignPlayerPosition","line":51,"loc":{"start":{"line":51,"column":0},"end":{"line":51,"column":32}}},"12":{"name":"(anonymous_12)","line":62,"loc":{"start":{"line":62,"column":34},"end":{"line":62,"column":53}}},"13":{"name":"(anonymous_13)","line":64,"loc":{"start":{"line":64,"column":23},"end":{"line":64,"column":48}}},"14":{"name":"(anonymous_14)","line":65,"loc":{"start":{"line":65,"column":100},"end":{"line":65,"column":115}}},"15":{"name":"(anonymous_15)","line":67,"loc":{"start":{"line":67,"column":17},"end":{"line":67,"column":30}}},"16":{"name":"createRandomAttr","line":73,"loc":{"start":{"line":73,"column":0},"end":{"line":73,"column":53}}},"17":{"name":"(anonymous_17)","line":74,"loc":{"start":{"line":74,"column":23},"end":{"line":74,"column":49}}},"18":{"name":"(anonymous_18)","line":112,"loc":{"start":{"line":112,"column":70},"end":{"line":112,"column":85}}},"19":{"name":"(anonymous_19)","line":114,"loc":{"start":{"line":114,"column":21},"end":{"line":114,"column":34}}},"20":{"name":"(anonymous_20)","line":124,"loc":{"start":{"line":124,"column":28},"end":{"line":124,"column":40}}},"21":{"name":"(anonymous_21)","line":125,"loc":{"start":{"line":125,"column":23},"end":{"line":125,"column":48}}},"22":{"name":"(anonymous_22)","line":126,"loc":{"start":{"line":126,"column":94},"end":{"line":126,"column":108}}},"23":{"name":"(anonymous_23)","line":128,"loc":{"start":{"line":128,"column":17},"end":{"line":128,"column":30}}},"24":{"name":"(anonymous_24)","line":138,"loc":{"start":{"line":138,"column":31},"end":{"line":138,"column":48}}},"25":{"name":"(anonymous_25)","line":139,"loc":{"start":{"line":139,"column":23},"end":{"line":139,"column":48}}},"26":{"name":"(anonymous_26)","line":140,"loc":{"start":{"line":140,"column":104},"end":{"line":140,"column":118}}},"27":{"name":"(anonymous_27)","line":142,"loc":{"start":{"line":142,"column":17},"end":{"line":142,"column":30}}},"28":{"name":"(anonymous_28)","line":154,"loc":{"start":{"line":154,"column":21},"end":{"line":154,"column":45}}},"29":{"name":"(anonymous_29)","line":155,"loc":{"start":{"line":155,"column":23},"end":{"line":155,"column":48}}},"30":{"name":"(anonymous_30)","line":156,"loc":{"start":{"line":156,"column":112},"end":{"line":156,"column":126}}},"31":{"name":"(anonymous_31)","line":167,"loc":{"start":{"line":167,"column":25},"end":{"line":167,"column":37}}},"32":{"name":"(anonymous_32)","line":168,"loc":{"start":{"line":168,"column":23},"end":{"line":168,"column":48}}},"33":{"name":"(anonymous_33)","line":169,"loc":{"start":{"line":169,"column":83},"end":{"line":169,"column":97}}},"34":{"name":"(anonymous_34)","line":185,"loc":{"start":{"line":185,"column":29},"end":{"line":185,"column":47}}},"35":{"name":"(anonymous_35)","line":186,"loc":{"start":{"line":186,"column":23},"end":{"line":186,"column":48}}},"36":{"name":"(anonymous_36)","line":187,"loc":{"start":{"line":187,"column":93},"end":{"line":187,"column":107}}},"37":{"name":"(anonymous_37)","line":200,"loc":{"start":{"line":200,"column":29},"end":{"line":200,"column":41}}},"38":{"name":"(anonymous_38)","line":201,"loc":{"start":{"line":201,"column":23},"end":{"line":201,"column":49}}},"39":{"name":"(anonymous_39)","line":202,"loc":{"start":{"line":202,"column":92},"end":{"line":202,"column":107}}},"40":{"name":"(anonymous_40)","line":209,"loc":{"start":{"line":209,"column":21},"end":{"line":209,"column":34}}},"41":{"name":"(anonymous_41)","line":220,"loc":{"start":{"line":220,"column":20},"end":{"line":220,"column":33}}},"42":{"name":"(anonymous_42)","line":221,"loc":{"start":{"line":221,"column":23},"end":{"line":221,"column":49}}},"43":{"name":"(anonymous_43)","line":232,"loc":{"start":{"line":232,"column":137},"end":{"line":232,"column":152}}},"44":{"name":"(anonymous_44)","line":234,"loc":{"start":{"line":234,"column":17},"end":{"line":234,"column":30}}},"45":{"name":"(anonymous_45)","line":245,"loc":{"start":{"line":245,"column":22},"end":{"line":245,"column":58}}},"46":{"name":"(anonymous_46)","line":249,"loc":{"start":{"line":249,"column":104},"end":{"line":249,"column":131}}},"47":{"name":"(anonymous_47)","line":307,"loc":{"start":{"line":307,"column":13},"end":{"line":307,"column":27}}}},"statementMap":{"1":{"start":{"line":1,"column":0},"end":{"line":1,"column":57}},"2":{"start":{"line":2,"column":0},"end":{"line":2,"column":35}},"3":{"start":{"line":3,"column":0},"end":{"line":3,"column":31}},"4":{"start":{"line":13,"column":0},"end":{"line":15,"column":1}},"5":{"start":{"line":14,"column":4},"end":{"line":14,"column":162}},"6":{"start":{"line":22,"column":0},"end":{"line":44,"column":1}},"7":{"start":{"line":23,"column":4},"end":{"line":23,"column":31}},"8":{"start":{"line":24,"column":4},"end":{"line":43,"column":7}},"9":{"start":{"line":25,"column":8},"end":{"line":42,"column":11}},"10":{"start":{"line":26,"column":12},"end":{"line":26,"column":56}},"11":{"start":{"line":27,"column":12},"end":{"line":39,"column":15}},"12":{"start":{"line":28,"column":16},"end":{"line":28,"column":58}},"13":{"start":{"line":29,"column":16},"end":{"line":38,"column":19}},"14":{"start":{"line":30,"column":20},"end":{"line":30,"column":48}},"15":{"start":{"line":31,"column":20},"end":{"line":37,"column":22}},"16":{"start":{"line":32,"column":24},"end":{"line":36,"column":27}},"17":{"start":{"line":33,"column":28},"end":{"line":33,"column":44}},"18":{"start":{"line":35,"column":28},"end":{"line":35,"column":40}},"19":{"start":{"line":41,"column":12},"end":{"line":41,"column":29}},"20":{"start":{"line":51,"column":0},"end":{"line":55,"column":1}},"21":{"start":{"line":52,"column":4},"end":{"line":52,"column":44}},"22":{"start":{"line":53,"column":4},"end":{"line":53,"column":168}},"23":{"start":{"line":54,"column":4},"end":{"line":54,"column":36}},"24":{"start":{"line":62,"column":0},"end":{"line":71,"column":1}},"25":{"start":{"line":63,"column":4},"end":{"line":63,"column":31}},"26":{"start":{"line":64,"column":4},"end":{"line":70,"column":7}},"27":{"start":{"line":65,"column":8},"end":{"line":69,"column":11}},"28":{"start":{"line":66,"column":12},"end":{"line":66,"column":35}},"29":{"start":{"line":68,"column":12},"end":{"line":68,"column":29}},"30":{"start":{"line":73,"column":0},"end":{"line":118,"column":1}},"31":{"start":{"line":74,"column":4},"end":{"line":117,"column":7}},"32":{"start":{"line":76,"column":8},"end":{"line":76,"column":24}},"33":{"start":{"line":77,"column":8},"end":{"line":77,"column":178}},"34":{"start":{"line":79,"column":8},"end":{"line":79,"column":135}},"35":{"start":{"line":80,"column":8},"end":{"line":80,"column":138}},"36":{"start":{"line":82,"column":8},"end":{"line":82,"column":26}},"37":{"start":{"line":83,"column":8},"end":{"line":83,"column":51}},"38":{"start":{"line":84,"column":8},"end":{"line":86,"column":9}},"39":{"start":{"line":85,"column":12},"end":{"line":85,"column":25}},"40":{"start":{"line":87,"column":8},"end":{"line":107,"column":9}},"41":{"start":{"line":89,"column":12},"end":{"line":105,"column":13}},"42":{"start":{"line":90,"column":16},"end":{"line":90,"column":64}},"43":{"start":{"line":91,"column":16},"end":{"line":93,"column":17}},"44":{"start":{"line":92,"column":20},"end":{"line":92,"column":64}},"45":{"start":{"line":94,"column":16},"end":{"line":94,"column":79}},"46":{"start":{"line":99,"column":16},"end":{"line":99,"column":63}},"47":{"start":{"line":100,"column":16},"end":{"line":102,"column":17}},"48":{"start":{"line":101,"column":20},"end":{"line":101,"column":63}},"49":{"start":{"line":103,"column":16},"end":{"line":103,"column":78}},"50":{"start":{"line":106,"column":12},"end":{"line":106,"column":21}},"51":{"start":{"line":109,"column":8},"end":{"line":116,"column":11}},"52":{"start":{"line":113,"column":16},"end":{"line":113,"column":31}},"53":{"start":{"line":115,"column":16},"end":{"line":115,"column":33}},"54":{"start":{"line":124,"column":0},"end":{"line":132,"column":1}},"55":{"start":{"line":125,"column":4},"end":{"line":131,"column":7}},"56":{"start":{"line":126,"column":8},"end":{"line":130,"column":11}},"57":{"start":{"line":127,"column":12},"end":{"line":127,"column":41}},"58":{"start":{"line":129,"column":12},"end":{"line":129,"column":24}},"59":{"start":{"line":138,"column":0},"end":{"line":146,"column":1}},"60":{"start":{"line":139,"column":4},"end":{"line":145,"column":7}},"61":{"start":{"line":140,"column":8},"end":{"line":144,"column":11}},"62":{"start":{"line":141,"column":12},"end":{"line":141,"column":41}},"63":{"start":{"line":143,"column":12},"end":{"line":143,"column":24}},"64":{"start":{"line":154,"column":0},"end":{"line":160,"column":1}},"65":{"start":{"line":155,"column":4},"end":{"line":159,"column":7}},"66":{"start":{"line":156,"column":8},"end":{"line":158,"column":11}},"67":{"start":{"line":157,"column":12},"end":{"line":157,"column":72}},"68":{"start":{"line":167,"column":0},"end":{"line":178,"column":1}},"69":{"start":{"line":168,"column":4},"end":{"line":177,"column":7}},"70":{"start":{"line":169,"column":8},"end":{"line":176,"column":11}},"71":{"start":{"line":170,"column":12},"end":{"line":174,"column":13}},"72":{"start":{"line":171,"column":16},"end":{"line":171,"column":38}},"73":{"start":{"line":173,"column":16},"end":{"line":173,"column":54}},"74":{"start":{"line":185,"column":0},"end":{"line":193,"column":1}},"75":{"start":{"line":186,"column":4},"end":{"line":192,"column":7}},"76":{"start":{"line":187,"column":8},"end":{"line":191,"column":11}},"77":{"start":{"line":188,"column":12},"end":{"line":190,"column":13}},"78":{"start":{"line":189,"column":16},"end":{"line":189,"column":35}},"79":{"start":{"line":200,"column":0},"end":{"line":213,"column":1}},"80":{"start":{"line":201,"column":4},"end":{"line":212,"column":7}},"81":{"start":{"line":202,"column":12},"end":{"line":211,"column":15}},"82":{"start":{"line":203,"column":16},"end":{"line":208,"column":17}},"83":{"start":{"line":204,"column":20},"end":{"line":204,"column":42}},"84":{"start":{"line":207,"column":20},"end":{"line":207,"column":58}},"85":{"start":{"line":210,"column":16},"end":{"line":210,"column":28}},"86":{"start":{"line":220,"column":0},"end":{"line":238,"column":1}},"87":{"start":{"line":221,"column":4},"end":{"line":237,"column":7}},"88":{"start":{"line":222,"column":8},"end":{"line":226,"column":22}},"89":{"start":{"line":228,"column":8},"end":{"line":236,"column":11}},"90":{"start":{"line":233,"column":12},"end":{"line":233,"column":27}},"91":{"start":{"line":235,"column":12},"end":{"line":235,"column":29}},"92":{"start":{"line":245,"column":0},"end":{"line":310,"column":1}},"93":{"start":{"line":248,"column":4},"end":{"line":248,"column":24}},"94":{"start":{"line":249,"column":4},"end":{"line":309,"column":7}},"95":{"start":{"line":250,"column":8},"end":{"line":297,"column":9}},"96":{"start":{"line":251,"column":12},"end":{"line":251,"column":33}},"97":{"start":{"line":252,"column":12},"end":{"line":252,"column":30}},"98":{"start":{"line":253,"column":12},"end":{"line":253,"column":38}},"99":{"start":{"line":254,"column":12},"end":{"line":254,"column":29}},"100":{"start":{"line":256,"column":13},"end":{"line":297,"column":9}},"101":{"start":{"line":257,"column":12},"end":{"line":257,"column":33}},"102":{"start":{"line":258,"column":12},"end":{"line":258,"column":30}},"103":{"start":{"line":259,"column":12},"end":{"line":259,"column":33}},"104":{"start":{"line":260,"column":12},"end":{"line":260,"column":38}},"105":{"start":{"line":261,"column":12},"end":{"line":261,"column":29}},"106":{"start":{"line":263,"column":13},"end":{"line":297,"column":9}},"107":{"start":{"line":264,"column":12},"end":{"line":264,"column":33}},"108":{"start":{"line":265,"column":12},"end":{"line":265,"column":30}},"109":{"start":{"line":266,"column":12},"end":{"line":266,"column":33}},"110":{"start":{"line":267,"column":12},"end":{"line":267,"column":38}},"111":{"start":{"line":268,"column":12},"end":{"line":268,"column":29}},"112":{"start":{"line":270,"column":13},"end":{"line":297,"column":9}},"113":{"start":{"line":271,"column":12},"end":{"line":271,"column":33}},"114":{"start":{"line":272,"column":12},"end":{"line":272,"column":30}},"115":{"start":{"line":273,"column":12},"end":{"line":273,"column":34}},"116":{"start":{"line":274,"column":12},"end":{"line":274,"column":38}},"117":{"start":{"line":275,"column":12},"end":{"line":275,"column":37}},"118":{"start":{"line":276,"column":12},"end":{"line":276,"column":38}},"119":{"start":{"line":277,"column":12},"end":{"line":277,"column":29}},"120":{"start":{"line":279,"column":13},"end":{"line":297,"column":9}},"121":{"start":{"line":280,"column":12},"end":{"line":280,"column":33}},"122":{"start":{"line":281,"column":12},"end":{"line":281,"column":43}},"123":{"start":{"line":282,"column":12},"end":{"line":282,"column":29}},"124":{"start":{"line":284,"column":13},"end":{"line":297,"column":9}},"125":{"start":{"line":285,"column":12},"end":{"line":285,"column":36}},"126":{"start":{"line":286,"column":12},"end":{"line":286,"column":33}},"127":{"start":{"line":287,"column":12},"end":{"line":287,"column":43}},"128":{"start":{"line":288,"column":12},"end":{"line":288,"column":43}},"129":{"start":{"line":290,"column":13},"end":{"line":297,"column":9}},"130":{"start":{"line":291,"column":12},"end":{"line":291,"column":31}},"131":{"start":{"line":292,"column":12},"end":{"line":292,"column":33}},"132":{"start":{"line":293,"column":12},"end":{"line":293,"column":39}},"133":{"start":{"line":296,"column":12},"end":{"line":296,"column":29}},"134":{"start":{"line":299,"column":8},"end":{"line":302,"column":48}},"135":{"start":{"line":303,"column":8},"end":{"line":305,"column":181}},"136":{"start":{"line":308,"column":8},"end":{"line":308,"column":20}}},"branchMap":{"1":{"line":23,"type":"binary-expr","locations":[{"start":{"line":23,"column":18},"end":{"line":23,"column":25}},{"start":{"line":23,"column":29},"end":{"line":23,"column":30}}]},"2":{"line":63,"type":"binary-expr","locations":[{"start":{"line":63,"column":18},"end":{"line":63,"column":25}},{"start":{"line":63,"column":29},"end":{"line":63,"column":30}}]},"3":{"line":84,"type":"if","locations":[{"start":{"line":84,"column":8},"end":{"line":84,"column":8}},{"start":{"line":84,"column":8},"end":{"line":84,"column":8}}]},"4":{"line":89,"type":"if","locations":[{"start":{"line":89,"column":12},"end":{"line":89,"column":12}},{"start":{"line":89,"column":12},"end":{"line":89,"column":12}}]},"5":{"line":91,"type":"if","locations":[{"start":{"line":91,"column":16},"end":{"line":91,"column":16}},{"start":{"line":91,"column":16},"end":{"line":91,"column":16}}]},"6":{"line":91,"type":"binary-expr","locations":[{"start":{"line":91,"column":20},"end":{"line":91,"column":35}},{"start":{"line":91,"column":39},"end":{"line":91,"column":53}}]},"7":{"line":100,"type":"if","locations":[{"start":{"line":100,"column":16},"end":{"line":100,"column":16}},{"start":{"line":100,"column":16},"end":{"line":100,"column":16}}]},"8":{"line":156,"type":"binary-expr","locations":[{"start":{"line":156,"column":78},"end":{"line":156,"column":83}},{"start":{"line":156,"column":87},"end":{"line":156,"column":91}}]},"9":{"line":156,"type":"binary-expr","locations":[{"start":{"line":156,"column":93},"end":{"line":156,"column":99}},{"start":{"line":156,"column":103},"end":{"line":156,"column":104}}]},"10":{"line":170,"type":"if","locations":[{"start":{"line":170,"column":12},"end":{"line":170,"column":12}},{"start":{"line":170,"column":12},"end":{"line":170,"column":12}}]},"11":{"line":188,"type":"if","locations":[{"start":{"line":188,"column":12},"end":{"line":188,"column":12}},{"start":{"line":188,"column":12},"end":{"line":188,"column":12}}]},"12":{"line":203,"type":"if","locations":[{"start":{"line":203,"column":16},"end":{"line":203,"column":16}},{"start":{"line":203,"column":16},"end":{"line":203,"column":16}}]},"13":{"line":250,"type":"if","locations":[{"start":{"line":250,"column":8},"end":{"line":250,"column":8}},{"start":{"line":250,"column":8},"end":{"line":250,"column":8}}]},"14":{"line":256,"type":"if","locations":[{"start":{"line":256,"column":13},"end":{"line":256,"column":13}},{"start":{"line":256,"column":13},"end":{"line":256,"column":13}}]},"15":{"line":263,"type":"if","locations":[{"start":{"line":263,"column":13},"end":{"line":263,"column":13}},{"start":{"line":263,"column":13},"end":{"line":263,"column":13}}]},"16":{"line":270,"type":"if","locations":[{"start":{"line":270,"column":13},"end":{"line":270,"column":13}},{"start":{"line":270,"column":13},"end":{"line":270,"column":13}}]},"17":{"line":279,"type":"if","locations":[{"start":{"line":279,"column":13},"end":{"line":279,"column":13}},{"start":{"line":279,"column":13},"end":{"line":279,"column":13}}]},"18":{"line":284,"type":"if","locations":[{"start":{"line":284,"column":13},"end":{"line":284,"column":13}},{"start":{"line":284,"column":13},"end":{"line":284,"column":13}}]},"19":{"line":290,"type":"if","locations":[{"start":{"line":290,"column":13},"end":{"line":290,"column":13}},{"start":{"line":290,"column":13},"end":{"line":290,"column":13}}]}}},"/home/ubuntu/workspace/BaseballSim/Controller/DatabaseController.js":{"path":"/home/ubuntu/workspace/BaseballSim/Controller/DatabaseController.js","s":{"1":1,"2":1,"3":1,"4":1,"5":0,"6":0,"7":0,"8":0,"9":0,"10":0,"11":0,"12":0,"13":0},"b":{"1":[0,0],"2":[0,0]},"f":{"1":0,"2":0,"3":0,"4":0},"fnMap":{"1":{"name":"(anonymous_1)","line":5,"loc":{"start":{"line":5,"column":16},"end":{"line":5,"column":37}}},"2":{"name":"(anonymous_2)","line":6,"loc":{"start":{"line":6,"column":26},"end":{"line":6,"column":51}}},"3":{"name":"(anonymous_3)","line":7,"loc":{"start":{"line":7,"column":24},"end":{"line":7,"column":51}}},"4":{"name":"(anonymous_4)","line":11,"loc":{"start":{"line":11,"column":45},"end":{"line":11,"column":68}}}},"statementMap":{"1":{"start":{"line":1,"column":0},"end":{"line":1,"column":23}},"2":{"start":{"line":2,"column":0},"end":{"line":2,"column":50}},"3":{"start":{"line":3,"column":0},"end":{"line":3,"column":31}},"4":{"start":{"line":5,"column":0},"end":{"line":22,"column":1}},"5":{"start":{"line":6,"column":7},"end":{"line":21,"column":10}},"6":{"start":{"line":7,"column":11},"end":{"line":20,"column":14}},"7":{"start":{"line":8,"column":15},"end":{"line":19,"column":16}},"8":{"start":{"line":9,"column":19},"end":{"line":9,"column":36}},"9":{"start":{"line":11,"column":19},"end":{"line":18,"column":22}},"10":{"start":{"line":12,"column":23},"end":{"line":16,"column":24}},"11":{"start":{"line":13,"column":27},"end":{"line":13,"column":39}},"12":{"start":{"line":15,"column":27},"end":{"line":15,"column":43}},"13":{"start":{"line":17,"column":23},"end":{"line":17,"column":30}}},"branchMap":{"1":{"line":8,"type":"if","locations":[{"start":{"line":8,"column":15},"end":{"line":8,"column":15}},{"start":{"line":8,"column":15},"end":{"line":8,"column":15}}]},"2":{"line":12,"type":"if","locations":[{"start":{"line":12,"column":23},"end":{"line":12,"column":23}},{"start":{"line":12,"column":23},"end":{"line":12,"column":23}}]}}}}