TN:
SF:/home/ubuntu/workspace/BaseballSim/Controller/PlayersController.js
FN:13,(anonymous_1)
FN:22,(anonymous_2)
FN:24,(anonymous_3)
FN:25,(anonymous_4)
FN:27,(anonymous_5)
FN:29,(anonymous_6)
FN:31,(anonymous_7)
FN:32,(anonymous_8)
FN:34,(anonymous_9)
FN:40,(anonymous_10)
FN:51,assignPlayerPosition
FN:62,(anonymous_12)
FN:64,(anonymous_13)
FN:65,(anonymous_14)
FN:67,(anonymous_15)
FN:73,createRandomAttr
FN:74,(anonymous_17)
FN:112,(anonymous_18)
FN:114,(anonymous_19)
FN:124,(anonymous_20)
FN:125,(anonymous_21)
FN:126,(anonymous_22)
FN:128,(anonymous_23)
FN:138,(anonymous_24)
FN:139,(anonymous_25)
FN:140,(anonymous_26)
FN:142,(anonymous_27)
FN:154,(anonymous_28)
FN:155,(anonymous_29)
FN:156,(anonymous_30)
FN:167,(anonymous_31)
FN:168,(anonymous_32)
FN:169,(anonymous_33)
FN:185,(anonymous_34)
FN:186,(anonymous_35)
FN:187,(anonymous_36)
FN:200,(anonymous_37)
FN:201,(anonymous_38)
FN:202,(anonymous_39)
FN:209,(anonymous_40)
FN:220,(anonymous_41)
FN:221,(anonymous_42)
FN:232,(anonymous_43)
FN:234,(anonymous_44)
FN:245,(anonymous_45)
FN:249,(anonymous_46)
FN:307,(anonymous_47)
FNF:47
FNH:0
FNDA:0,(anonymous_1)
FNDA:0,(anonymous_2)
FNDA:0,(anonymous_3)
FNDA:0,(anonymous_4)
FNDA:0,(anonymous_5)
FNDA:0,(anonymous_6)
FNDA:0,(anonymous_7)
FNDA:0,(anonymous_8)
FNDA:0,(anonymous_9)
FNDA:0,(anonymous_10)
FNDA:0,assignPlayerPosition
FNDA:0,(anonymous_12)
FNDA:0,(anonymous_13)
FNDA:0,(anonymous_14)
FNDA:0,(anonymous_15)
FNDA:0,createRandomAttr
FNDA:0,(anonymous_17)
FNDA:0,(anonymous_18)
FNDA:0,(anonymous_19)
FNDA:0,(anonymous_20)
FNDA:0,(anonymous_21)
FNDA:0,(anonymous_22)
FNDA:0,(anonymous_23)
FNDA:0,(anonymous_24)
FNDA:0,(anonymous_25)
FNDA:0,(anonymous_26)
FNDA:0,(anonymous_27)
FNDA:0,(anonymous_28)
FNDA:0,(anonymous_29)
FNDA:0,(anonymous_30)
FNDA:0,(anonymous_31)
FNDA:0,(anonymous_32)
FNDA:0,(anonymous_33)
FNDA:0,(anonymous_34)
FNDA:0,(anonymous_35)
FNDA:0,(anonymous_36)
FNDA:0,(anonymous_37)
FNDA:0,(anonymous_38)
FNDA:0,(anonymous_39)
FNDA:0,(anonymous_40)
FNDA:0,(anonymous_41)
FNDA:0,(anonymous_42)
FNDA:0,(anonymous_43)
FNDA:0,(anonymous_44)
FNDA:0,(anonymous_45)
FNDA:0,(anonymous_46)
FNDA:0,(anonymous_47)
DA:1,1
DA:2,1
DA:3,1
DA:13,1
DA:14,0
DA:22,1
DA:23,0
DA:24,0
DA:25,0
DA:26,0
DA:27,0
DA:28,0
DA:29,0
DA:30,0
DA:31,0
DA:32,0
DA:33,0
DA:35,0
DA:41,0
DA:51,1
DA:52,0
DA:53,0
DA:54,0
DA:62,1
DA:63,0
DA:64,0
DA:65,0
DA:66,0
DA:68,0
DA:73,1
DA:74,0
DA:76,0
DA:77,0
DA:79,0
DA:80,0
DA:82,0
DA:83,0
DA:84,0
DA:85,0
DA:87,0
DA:89,0
DA:90,0
DA:91,0
DA:92,0
DA:94,0
DA:99,0
DA:100,0
DA:101,0
DA:103,0
DA:106,0
DA:109,0
DA:113,0
DA:115,0
DA:124,1
DA:125,0
DA:126,0
DA:127,0
DA:129,0
DA:138,1
DA:139,0
DA:140,0
DA:141,0
DA:143,0
DA:154,1
DA:155,0
DA:156,0
DA:157,0
DA:167,1
DA:168,0
DA:169,0
DA:170,0
DA:171,0
DA:173,0
DA:185,1
DA:186,0
DA:187,0
DA:188,0
DA:189,0
DA:200,1
DA:201,0
DA:202,0
DA:203,0
DA:204,0
DA:207,0
DA:210,0
DA:220,1
DA:221,0
DA:222,0
DA:228,0
DA:233,0
DA:235,0
DA:245,1
DA:248,0
DA:249,0
DA:250,0
DA:251,0
DA:252,0
DA:253,0
DA:254,0
DA:256,0
DA:257,0
DA:258,0
DA:259,0
DA:260,0
DA:261,0
DA:263,0
DA:264,0
DA:265,0
DA:266,0
DA:267,0
DA:268,0
DA:270,0
DA:271,0
DA:272,0
DA:273,0
DA:274,0
DA:275,0
DA:276,0
DA:277,0
DA:279,0
DA:280,0
DA:281,0
DA:282,0
DA:284,0
DA:285,0
DA:286,0
DA:287,0
DA:288,0
DA:290,0
DA:291,0
DA:292,0
DA:293,0
DA:296,0
DA:299,0
DA:303,0
DA:308,0
LF:136
LH:16
BRDA:23,1,0,0
BRDA:23,1,1,0
BRDA:63,2,0,0
BRDA:63,2,1,0
BRDA:84,3,0,0
BRDA:84,3,1,0
BRDA:89,4,0,0
BRDA:89,4,1,0
BRDA:91,5,0,0
BRDA:91,5,1,0
BRDA:91,6,0,0
BRDA:91,6,1,0
BRDA:100,7,0,0
BRDA:100,7,1,0
BRDA:156,8,0,0
BRDA:156,8,1,0
BRDA:156,9,0,0
BRDA:156,9,1,0
BRDA:170,10,0,0
BRDA:170,10,1,0
BRDA:188,11,0,0
BRDA:188,11,1,0
BRDA:203,12,0,0
BRDA:203,12,1,0
BRDA:250,13,0,0
BRDA:250,13,1,0
BRDA:256,14,0,0
BRDA:256,14,1,0
BRDA:263,15,0,0
BRDA:263,15,1,0
BRDA:270,16,0,0
BRDA:270,16,1,0
BRDA:279,17,0,0
BRDA:279,17,1,0
BRDA:284,18,0,0
BRDA:284,18,1,0
BRDA:290,19,0,0
BRDA:290,19,1,0
BRF:38
BRH:0
end_of_record
TN:
SF:/home/ubuntu/workspace/BaseballSim/Controller/DatabaseController.js
FN:5,(anonymous_1)
FN:6,(anonymous_2)
FN:7,(anonymous_3)
FN:11,(anonymous_4)
FNF:4
FNH:0
FNDA:0,(anonymous_1)
FNDA:0,(anonymous_2)
FNDA:0,(anonymous_3)
FNDA:0,(anonymous_4)
DA:1,1
DA:2,1
DA:3,1
DA:5,1
DA:6,0
DA:7,0
DA:8,0
DA:9,0
DA:11,0
DA:12,0
DA:13,0
DA:15,0
DA:17,0
LF:13
LH:4
BRDA:8,1,0,0
BRDA:8,1,1,0
BRDA:12,2,0,0
BRDA:12,2,1,0
BRF:4
BRH:0
end_of_record
